<?xml version="1.0" encoding="UTF-8"?>
<!-- Generated by org.testng.reporters.JUnitReportReporter -->
<testsuite hostname="LAPTOP-QSVDD5MN" failures="0" tests="1" name="POM.LoginTest" time="29.899" errors="0" timestamp="2023-01-31T18:47:05 IST" skipped="0">
  <testcase classname="POM.LoginTest" name="LoginTEST" time="29.899"/>
  <system-out/>
</testsuite> <!-- POM.LoginTest -->
