<?xml version="1.0" encoding="UTF-8"?>
<!-- Generated by org.testng.reporters.JUnitReportReporter -->
<testsuite hostname="LAPTOP-QSVDD5MN" failures="0" tests="1" name="POM.TestLogin" time="8.367" errors="0" timestamp="2023-01-31T18:58:56 IST" skipped="0">
  <testcase classname="POM.TestLogin" name="test" time="8.367"/>
  <system-out/>
</testsuite> <!-- POM.TestLogin -->
